Build started 18.04.2019 14:56:53.
     1>Project "D:\super_product\dguard\client\drivers\FileErase\SziFileErase Package\SziFileErase Package.vcxproj" on node 2 (Build target(s)).
     1>Inf2Cat:
         C:\Program Files (x86)\Windows Kits\8.1\bin\x86\inf2cat.exe /os:7_x86 /driver:"D:\super_product\dguard\client\drivers\FileErase\\Build\SziFileErase Package\Windows7\Win32\Win7Release\SziFileErase Package\\" 
         .........................
         Signability test complete.
         
         Errors:
         None
         
         Warnings:
         None
         
         Catalog generation complete.
         D:\super_product\dguard\client\drivers\FileErase\Build\SziFileErase Package\Windows7\Win32\Win7Release\SziFileErase Package\szifileerase.cat
       PostBuildEvent:
         set Folder="D:\super_product\dguard\client\drivers\FileErase\\MakeRelease\Driver\Windows7_x86\"
         mkdir %Folder%
         call D:\super_product\dguard\client\drivers\FileErase\\Release.cmd "D:\super_product\dguard\client\drivers\FileErase\\Build\SziFileErase Package\Windows7\Win32\Win7Release\\SziFileErase Package\" "SziFileErase.inf" %Folder%
         call D:\super_product\dguard\client\drivers\FileErase\\Release.cmd "D:\super_product\dguard\client\drivers\FileErase\\Build\SziFileErase Package\Windows7\Win32\Win7Release\\SziFileErase Package\" "SziFileErase.sys" %Folder%
         call D:\super_product\dguard\client\drivers\FileErase\\Release.cmd "D:\super_product\dguard\client\drivers\FileErase\\Build\SziFileErase Package\Windows7\Win32\Win7Release\\SziFileErase Package\" "SziFileErase.cat" %Folder%
         :VCEnd
         Подпапка или файл D:\super_product\dguard\client\drivers\FileErase\\MakeRelease\Driver\Windows7_x86\ уже существует.
         "Make Release"
         "Param 1:" "D:\super_product\dguard\client\drivers\FileErase\\Build\SziFileErase Package\Windows7\Win32\Win7Release\\SziFileErase Package\"
         "Param 2:" "SziFileErase.inf"
         "Param 3:" "D:\super_product\dguard\client\drivers\FileErase\\MakeRelease\Driver\Windows7_x86\"
         "copy Param1\Param2 Param3"
         Скопировано файлов:         1.
         "Make Release"
         "Param 1:" "D:\super_product\dguard\client\drivers\FileErase\\Build\SziFileErase Package\Windows7\Win32\Win7Release\\SziFileErase Package\"
         "Param 2:" "SziFileErase.sys"
         "Param 3:" "D:\super_product\dguard\client\drivers\FileErase\\MakeRelease\Driver\Windows7_x86\"
         "copy Param1\Param2 Param3"
         Скопировано файлов:         1.
         "Make Release"
         "Param 1:" "D:\super_product\dguard\client\drivers\FileErase\\Build\SziFileErase Package\Windows7\Win32\Win7Release\\SziFileErase Package\"
         "Param 2:" "SziFileErase.cat"
         "Param 3:" "D:\super_product\dguard\client\drivers\FileErase\\MakeRelease\Driver\Windows7_x86\"
         "copy Param1\Param2 Param3"
         Скопировано файлов:         1.
     1>Done Building Project "D:\super_product\dguard\client\drivers\FileErase\SziFileErase Package\SziFileErase Package.vcxproj" (Build target(s)).

Build succeeded.

Time Elapsed 00:00:04.94
