d:\super_product\dguard\client\drivers\fileerase\build\szifileerase\windows7\win32\win7 debug\szifileerase.inf
d:\super_product\dguard\client\drivers\fileerase\build\szifileerase\windows7\win32\win7 debug\vc120.pdb
d:\super_product\dguard\client\drivers\fileerase\build\szifileerase\windows7\win32\win7 debug\szifileeraseimpl.obj
d:\super_product\dguard\client\drivers\fileerase\build\szifileerase\windows7\win32\win7 debug\szifileerase.obj
d:\super_product\dguard\client\drivers\fileerase\build\szifileerase\windows7\win32\win7 debug\szierasecontext.obj
d:\super_product\dguard\client\drivers\fileerase\build\szifileerase\windows7\win32\win7 debug\resource.res
d:\super_product\dguard\client\drivers\fileerase\\build\szifileerase\windows7\win32\win7debug\szifileerase.inf
d:\super_product\dguard\client\drivers\fileerase\build\szifileerase\windows7\win32\win7 debug\szifileerase.vcxprojresolveassemblyreference.cache
d:\super_product\dguard\client\drivers\fileerase\build\szifileerase\windows7\win32\win7 debug\stampinf.command.1.tlog
d:\super_product\dguard\client\drivers\fileerase\build\szifileerase\windows7\win32\win7 debug\stampinf.read.1.tlog
d:\super_product\dguard\client\drivers\fileerase\build\szifileerase\windows7\win32\win7 debug\stampinf.write.1.tlog
d:\super_product\dguard\client\drivers\fileerase\\build\szifileerase\windows7\win32\win7debug\szifileerase.pdb
d:\super_product\dguard\client\drivers\fileerase\build\szifileerase\windows7\win32\win7 debug\szifileerase.tlog\cl.command.1.tlog
d:\super_product\dguard\client\drivers\fileerase\build\szifileerase\windows7\win32\win7 debug\szifileerase.tlog\cl.read.1.tlog
d:\super_product\dguard\client\drivers\fileerase\build\szifileerase\windows7\win32\win7 debug\szifileerase.tlog\cl.write.1.tlog
d:\super_product\dguard\client\drivers\fileerase\build\szifileerase\windows7\win32\win7 debug\szifileerase.tlog\link-cvtres.read.1.tlog
d:\super_product\dguard\client\drivers\fileerase\build\szifileerase\windows7\win32\win7 debug\szifileerase.tlog\link-cvtres.write.1.tlog
d:\super_product\dguard\client\drivers\fileerase\build\szifileerase\windows7\win32\win7 debug\szifileerase.tlog\link.command.1.tlog
d:\super_product\dguard\client\drivers\fileerase\build\szifileerase\windows7\win32\win7 debug\szifileerase.tlog\link.read.1.tlog
d:\super_product\dguard\client\drivers\fileerase\build\szifileerase\windows7\win32\win7 debug\szifileerase.tlog\link.write.1.tlog
d:\super_product\dguard\client\drivers\fileerase\build\szifileerase\windows7\win32\win7 debug\szifileerase.tlog\rc.command.1.tlog
d:\super_product\dguard\client\drivers\fileerase\build\szifileerase\windows7\win32\win7 debug\szifileerase.tlog\rc.read.1.tlog
d:\super_product\dguard\client\drivers\fileerase\build\szifileerase\windows7\win32\win7 debug\szifileerase.tlog\rc.write.1.tlog
